# JRE version: Java(TM) SE Runtime Environment (8.0_66-b17) (build 1.8.0_66-b17)
# Java VM: Java HotSpot(TM) Client VM (25.66-b17 mixed mode windows-x86 )
Heap:
 def new generation   total 62784K, used 39421K [0x04a00000, 0x08e20000, 0x0f4a0000)
  eden space 55808K,  69% used [0x04a00000, 0x06fdbc38, 0x08080000)
  from space 6976K,   9% used [0x08750000, 0x087f3b38, 0x08e20000)
  to   space 6976K,   0% used [0x08080000, 0x08080000, 0x08750000)
 tenured generation   total 139332K, used 95814K [0x0f4a0000, 0x17cb1000, 0x24a00000)
   the space 139332K,  68% used [0x0f4a0000, 0x15231b78, 0x15231c00, 0x17cb1000)
 Metaspace       used 18639K, capacity 19073K, committed 19328K, reserved 19840K
GC Heap History (10 events):
Event: 9355.485 GC heap before
{Heap before GC invocations=24 (full 2):
 def new generation   total 62784K, used 56397K [0x04a00000, 0x08e20000, 0x0f4a0000)
  eden space 55808K, 100% used [0x04a00000, 0x08080000, 0x08080000)
  from space 6976K,   8% used [0x08080000, 0x081136d0, 0x08750000)
  to   space 6976K,   0% used [0x08750000, 0x08750000, 0x08e20000)
 tenured generation   total 139332K, used 87932K [0x0f4a0000, 0x17cb1000, 0x24a00000)
   the space 139332K,  63% used [0x0f4a0000, 0x14a7f168, 0x14a7f200, 0x17cb1000)
 Metaspace       used 18637K, capacity 19068K, committed 19328K, reserved 19840K
Event: 9355.490 GC heap after
Heap after GC invocations=25 (full 2):
 def new generation   total 62784K, used 910K [0x04a00000, 0x08e20000, 0x0f4a0000)
  eden space 55808K,   0% used [0x04a00000, 0x04a00000, 0x08080000)
  from space 6976K,  13% used [0x08750000, 0x08833bb0, 0x08e20000)
  to   space 6976K,   0% used [0x08080000, 0x08080000, 0x08750000)
 tenured generation   total 139332K, used 95814K [0x0f4a0000, 0x17cb1000, 0x24a00000)
   the space 139332K,  68% used [0x0f4a0000, 0x15231b78, 0x15231c00, 0x17cb1000)
 Metaspace       used 18637K, capacity 19068K, committed 19328K, reserved 19840K
}
Event: 10248.259 GC heap before
{Heap before GC invocations=25 (full 2):
 def new generation   total 62784K, used 56718K [0x04a00000, 0x08e20000, 0x0f4a0000)
  eden space 55808K, 100% used [0x04a00000, 0x08080000, 0x08080000)
  from space 6976K,  13% used [0x08750000, 0x08833bb0, 0x08e20000)
  to   space 6976K,   0% used [0x08080000, 0x08080000, 0x08750000)
 tenured generation   total 139332K, used 95814K [0x0f4a0000, 0x17cb1000, 0x24a00000)
   the space 139332K,  68% used [0x0f4a0000, 0x15231b78, 0x15231c00, 0x17cb1000)
 Metaspace       used 18639K, capacity 19073K, committed 19328K, reserved 19840K
Event: 10248.261 GC heap after
Heap after GC invocations=26 (full 2):
 def new generation   total 62784K, used 1009K [0x04a00000, 0x08e20000, 0x0f4a0000)
  eden space 55808K,   0% used [0x04a00000, 0x04a00000, 0x08080000)
  from space 6976K,  14% used [0x08080000, 0x0817c440, 0x08750000)
  to   space 6976K,   0% used [0x08750000, 0x08750000, 0x08e20000)
 tenured generation   total 139332K, used 95814K [0x0f4a0000, 0x17cb1000, 0x24a00000)
   the space 139332K,  68% used [0x0f4a0000, 0x15231b78, 0x15231c00, 0x17cb1000)
 Metaspace       used 18639K, capacity 19073K, committed 19328K, reserved 19840K
}
Event: 11232.507 GC heap before
{Heap before GC invocations=26 (full 2):
 def new generation   total 62784K, used 56817K [0x04a00000, 0x08e20000, 0x0f4a0000)
  eden space 55808K, 100% used [0x04a00000, 0x08080000, 0x08080000)
  from space 6976K,  14% used [0x08080000, 0x0817c440, 0x08750000)
  to   space 6976K,   0% used [0x08750000, 0x08750000, 0x08e20000)
 tenured generation   total 139332K, used 95814K [0x0f4a0000, 0x17cb1000, 0x24a00000)
   the space 139332K,  68% used [0x0f4a0000, 0x15231b78, 0x15231c00, 0x17cb1000)
 Metaspace       used 18639K, capacity 19073K, committed 19328K, reserved 19840K
Event: 11232.509 GC heap after
Heap after GC invocations=27 (full 2):
 def new generation   total 62784K, used 654K [0x04a00000, 0x08e20000, 0x0f4a0000)
  eden space 55808K,   0% used [0x04a00000, 0x04a00000, 0x08080000)
  from space 6976K,   9% used [0x08750000, 0x087f3848, 0x08e20000)
  to   space 6976K,   0% used [0x08080000, 0x08080000, 0x08750000)
 tenured generation   total 139332K, used 95814K [0x0f4a0000, 0x17cb1000, 0x24a00000)
   the space 139332K,  68% used [0x0f4a0000, 0x15231b78, 0x15231c00, 0x17cb1000)
 Metaspace       used 18639K, capacity 19073K, committed 19328K, reserved 19840K
}
Event: 12062.286 GC heap before
{Heap before GC invocations=27 (full 2):
 def new generation   total 62784K, used 56462K [0x04a00000, 0x08e20000, 0x0f4a0000)
  eden space 55808K, 100% used [0x04a00000, 0x08080000, 0x08080000)
  from space 6976K,   9% used [0x08750000, 0x087f3848, 0x08e20000)
  to   space 6976K,   0% used [0x08080000, 0x08080000, 0x08750000)
 tenured generation   total 139332K, used 95814K [0x0f4a0000, 0x17cb1000, 0x24a00000)
   the space 139332K,  68% used [0x0f4a0000, 0x15231b78, 0x15231c00, 0x17cb1000)
 Metaspace       used 18639K, capacity 19073K, committed 19328K, reserved 19840K
Event: 12062.287 GC heap after
Heap after GC invocations=28 (full 2):
 def new generation   total 62784K, used 654K [0x04a00000, 0x08e20000, 0x0f4a0000)
  eden space 55808K,   0% used [0x04a00000, 0x04a00000, 0x08080000)
  from space 6976K,   9% used [0x08080000, 0x08123a88, 0x08750000)
  to   space 6976K,   0% used [0x08750000, 0x08750000, 0x08e20000)
 tenured generation   total 139332K, used 95814K [0x0f4a0000, 0x17cb1000, 0x24a00000)
   the space 139332K,  68% used [0x0f4a0000, 0x15231b78, 0x15231c00, 0x17cb1000)
 Metaspace       used 18639K, capacity 19073K, committed 19328K, reserved 19840K
}
Event: 12720.462 GC heap before
{Heap before GC invocations=28 (full 2):
 def new generation   total 62784K, used 56462K [0x04a00000, 0x08e20000, 0x0f4a0000)
  eden space 55808K, 100% used [0x04a00000, 0x08080000, 0x08080000)
  from space 6976K,   9% used [0x08080000, 0x08123a88, 0x08750000)
  to   space 6976K,   0% used [0x08750000, 0x08750000, 0x08e20000)
 tenured generation   total 139332K, used 95814K [0x0f4a0000, 0x17cb1000, 0x24a00000)
   the space 139332K,  68% used [0x0f4a0000, 0x15231b78, 0x15231c00, 0x17cb1000)
 Metaspace       used 18639K, capacity 19073K, committed 19328K, reserved 19840K
Event: 12720.463 GC heap after
Heap after GC invocations=29 (full 2):
 def new generation   total 62784K, used 654K [0x04a00000, 0x08e20000, 0x0f4a0000)
  eden space 55808K,   0% used [0x04a00000, 0x04a00000, 0x08080000)
  from space 6976K,   9% used [0x08750000, 0x087f3b38, 0x08e20000)
  to   space 6976K,   0% used [0x08080000, 0x08080000, 0x08750000)
 tenured generation   total 139332K, used 95814K [0x0f4a0000, 0x17cb1000, 0x24a00000)
   the space 139332K,  68% used [0x0f4a0000, 0x15231b78, 0x15231c00, 0x17cb1000)
 Metaspace       used 18639K, capacity 19073K, committed 19328K, reserved 19840K
}

